<?xml version="1.0" encoding="UTF-8"?>
<!-- Generated by org.testng.reporters.JUnitReportReporter -->
<testsuite hostname="QA_Sachin_Kujur" failures="0" tests="2" name="tests.GetAndPostExamples" time="6.299" errors="0" timestamp="2022-07-18T17:33:30 IST" skipped="0">
  <testcase classname="tests.GetAndPostExamples" name="testGet" time="4.467"/>
  <system-out/>
  <testcase classname="tests.GetAndPostExamples" name="testPost" time="1.832"/>
  <system-out/>
</testsuite> <!-- tests.GetAndPostExamples -->
