<?xml version="1.0" encoding="UTF-8"?>
<!-- Generated by org.testng.reporters.JUnitReportReporter -->
<testsuite hostname="QA_Sachin_Kujur" failures="0" tests="3" name="tests.PutPatchDeleteExamples" time="5.133" errors="0" timestamp="2022-07-18T18:28:55 IST" skipped="0">
  <testcase classname="tests.PutPatchDeleteExamples" name="testPatch" time="1.194"/>
  <system-out/>
  <testcase classname="tests.PutPatchDeleteExamples" name="testDelete" time="2.894"/>
  <system-out/>
  <testcase classname="tests.PutPatchDeleteExamples" name="testPut" time="1.045"/>
  <system-out/>
</testsuite> <!-- tests.PutPatchDeleteExamples -->
