<?xml version="1.0" encoding="UTF-8"?>
<!-- Generated by org.testng.reporters.JUnitReportReporter -->
<testsuite hostname="QA_Sachin_Kujur" failures="0" tests="2" name="tests.TestExamples" time="3.747" errors="0" timestamp="2022-07-18T11:51:38 IST" skipped="0">
  <testcase classname="tests.TestExamples" name="test_1" time="2.330"/>
  <system-out/>
  <testcase classname="tests.TestExamples" name="test_2" time="1.417"/>
  <system-out/>
</testsuite> <!-- tests.TestExamples -->
